Welcome to Draughts!
Enter game settings:
Enter your move:
<g,5> to <e,7><c,5><e,3>
Enter your move:
  |---------------------------------------|
10|   |   |   |   |   |   |   |   |   |   |
  |---------------------------------------|
 9|   |   |   |   |   |   |   |   |   |   |
  |---------------------------------------|
 8|   |   |   |   |   |   |   | k |   |   |
  |---------------------------------------|
 7|   |   |   |   |   |   |   |   |   |   |
  |---------------------------------------|
 6|   |   |   |   |   |   |   |   |   |   |
  |---------------------------------------|
 5|   |   |   |   |   |   |   |   |   |   |
  |---------------------------------------|
 4|   |   |   |   |   |   |   |   |   |   |
  |---------------------------------------|
 3|   |   | m |   | m |   |   |   |   |   |
  |---------------------------------------|
 2|   |   |   |   |   |   |   |   |   |   |
  |---------------------------------------|
 1|   |   | m |   |   |   | m |   |   |   |
  |---------------------------------------|
    a   b   c   d   e   f   g   h   i   j  
White player wins!
