Welcome to Draughts!
Enter game settings:
Enter your move:
<b,2> to <c,3>
<b,2> to <a,3>
Enter your move:
  |---------------------------------------|
10|   |   |   |   |   |   |   |   |   |   |
  |---------------------------------------|
 9|   |   |   |   |   |   |   |   |   |   |
  |---------------------------------------|
 8|   |   |   |   |   |   |   |   |   |   |
  |---------------------------------------|
 7|   |   |   |   |   |   |   |   |   |   |
  |---------------------------------------|
 6|   |   |   |   |   |   |   |   |   |   |
  |---------------------------------------|
 5|   |   |   |   |   |   |   |   |   |   |
  |---------------------------------------|
 4|   |   |   |   |   |   |   | M |   |   |
  |---------------------------------------|
 3| m |   |   |   |   |   |   |   |   |   |
  |---------------------------------------|
 2|   |   |   |   |   | M |   |   |   |   |
  |---------------------------------------|
 1|   |   |   |   |   |   |   |   |   |   |
  |---------------------------------------|
    a   b   c   d   e   f   g   h   i   j  
Computer: move <f,2> to <e,1>
  |---------------------------------------|
10|   |   |   |   |   |   |   |   |   |   |
  |---------------------------------------|
 9|   |   |   |   |   |   |   |   |   |   |
  |---------------------------------------|
 8|   |   |   |   |   |   |   |   |   |   |
  |---------------------------------------|
 7|   |   |   |   |   |   |   |   |   |   |
  |---------------------------------------|
 6|   |   |   |   |   |   |   |   |   |   |
  |---------------------------------------|
 5|   |   |   |   |   |   |   |   |   |   |
  |---------------------------------------|
 4|   |   |   |   |   |   |   | M |   |   |
  |---------------------------------------|
 3| m |   |   |   |   |   |   |   |   |   |
  |---------------------------------------|
 2|   |   |   |   |   |   |   |   |   |   |
  |---------------------------------------|
 1|   |   |   |   | K |   |   |   |   |   |
  |---------------------------------------|
    a   b   c   d   e   f   g   h   i   j  
Enter your move:
<a,3> to <b,4>
Enter your move:
  |---------------------------------------|
10|   |   |   |   |   |   |   |   |   |   |
  |---------------------------------------|
 9|   |   |   |   |   |   |   |   |   |   |
  |---------------------------------------|
 8|   |   |   |   |   |   |   |   |   |   |
  |---------------------------------------|
 7|   |   |   |   |   |   |   |   |   |   |
  |---------------------------------------|
 6|   |   |   |   |   |   |   |   |   |   |
  |---------------------------------------|
 5|   |   |   |   |   |   |   |   |   |   |
  |---------------------------------------|
 4|   | m |   |   |   |   |   | M |   |   |
  |---------------------------------------|
 3|   |   |   |   |   |   |   |   |   |   |
  |---------------------------------------|
 2|   |   |   |   |   |   |   |   |   |   |
  |---------------------------------------|
 1|   |   |   |   | K |   |   |   |   |   |
  |---------------------------------------|
    a   b   c   d   e   f   g   h   i   j  
Computer: move <e,1> to <a,5>
  |---------------------------------------|
10|   |   |   |   |   |   |   |   |   |   |
  |---------------------------------------|
 9|   |   |   |   |   |   |   |   |   |   |
  |---------------------------------------|
 8|   |   |   |   |   |   |   |   |   |   |
  |---------------------------------------|
 7|   |   |   |   |   |   |   |   |   |   |
  |---------------------------------------|
 6|   |   |   |   |   |   |   |   |   |   |
  |---------------------------------------|
 5| K |   |   |   |   |   |   |   |   |   |
  |---------------------------------------|
 4|   |   |   |   |   |   |   | M |   |   |
  |---------------------------------------|
 3|   |   |   |   |   |   |   |   |   |   |
  |---------------------------------------|
 2|   |   |   |   |   |   |   |   |   |   |
  |---------------------------------------|
 1|   |   |   |   |   |   |   |   |   |   |
  |---------------------------------------|
    a   b   c   d   e   f   g   h   i   j  
Black player wins!
